# JRE version: Java(TM) SE Runtime Environment (21.0.4+8) (build 21.0.4+8-LTS-274)
# Java VM: Java HotSpot(TM) 64-Bit Server VM (21.0.4+8-LTS-274, mixed mode, sharing, tiered, compressed oops, compressed class ptrs, g1 gc, windows-amd64)
GC Precious Log:
 CardTable entry size: 512
 Card Set container configuration: InlinePtr #cards 5 size 8 Array Of Cards #cards 12 size 40 Howl #buckets 4 coarsen threshold 1843 Howl Bitmap #cards 512 size 80 coarsen threshold 460 Card regions per heap region 1 cards per card region 2048
 CPUs: 16 total, 16 available
 Memory: 7860M
 Large Page Support: Disabled
 NUMA Support: Disabled
 Compressed Oops: Enabled (32-bit)
 Heap Region Size: 1M
 Heap Min Capacity: 8M
 Heap Initial Capacity: 124M
 Heap Max Capacity: 1966M
 Pre-touch: Disabled
 Parallel Workers: 13
 Concurrent Workers: 3
 Concurrent Refinement Workers: 13
 Periodic GC: Disabled
Heap:
 garbage-first heap   total 66560K, used 44890K [0x0000000085200000, 0x0000000100000000)
  region size 1024K, 14 young (14336K), 3 survivors (3072K)
 Metaspace       used 68521K, committed 69184K, reserved 1114112K
  class space    used 9312K, committed 9600K, reserved 1048576K
GC Heap History (20 events):
Event: 3.647 GC heap before
{Heap before GC invocations=4 (full 0):
 garbage-first heap   total 55296K, used 54937K [0x0000000085200000, 0x0000000100000000)
  region size 1024K, 45 young (46080K), 6 survivors (6144K)
 Metaspace       used 24627K, committed 25088K, reserved 1114112K
  class space    used 3060K, committed 3264K, reserved 1048576K
}
Event: 3.655 GC heap after
{Heap after GC invocations=5 (full 0):
 garbage-first heap   total 66560K, used 19297K [0x0000000085200000, 0x0000000100000000)
  region size 1024K, 8 young (8192K), 8 survivors (8192K)
 Metaspace       used 24627K, committed 25088K, reserved 1114112K
  class space    used 3060K, committed 3264K, reserved 1048576K
}
Event: 4.816 GC heap before
{Heap before GC invocations=5 (full 0):
 garbage-first heap   total 66560K, used 51041K [0x0000000085200000, 0x0000000100000000)
  region size 1024K, 39 young (39936K), 8 survivors (8192K)
 Metaspace       used 29440K, committed 29888K, reserved 1114112K
  class space    used 3790K, committed 3968K, reserved 1048576K
}
Event: 4.824 GC heap after
{Heap after GC invocations=6 (full 0):
 garbage-first heap   total 66560K, used 20900K [0x0000000085200000, 0x0000000100000000)
  region size 1024K, 3 young (3072K), 3 survivors (3072K)
 Metaspace       used 29440K, committed 29888K, reserved 1114112K
  class space    used 3790K, committed 3968K, reserved 1048576K
}
Event: 6.284 GC heap before
{Heap before GC invocations=6 (full 0):
 garbage-first heap   total 66560K, used 53668K [0x0000000085200000, 0x0000000100000000)
  region size 1024K, 35 young (35840K), 3 survivors (3072K)
 Metaspace       used 34316K, committed 34752K, reserved 1114112K
  class space    used 4531K, committed 4736K, reserved 1048576K
}
Event: 6.290 GC heap after
{Heap after GC invocations=7 (full 0):
 garbage-first heap   total 66560K, used 24537K [0x0000000085200000, 0x0000000100000000)
  region size 1024K, 5 young (5120K), 5 survivors (5120K)
 Metaspace       used 34316K, committed 34752K, reserved 1114112K
  class space    used 4531K, committed 4736K, reserved 1048576K
}
Event: 6.527 GC heap before
{Heap before GC invocations=7 (full 0):
 garbage-first heap   total 66560K, used 29657K [0x0000000085200000, 0x0000000100000000)
  region size 1024K, 11 young (11264K), 5 survivors (5120K)
 Metaspace       used 35454K, committed 35968K, reserved 1114112K
  class space    used 4647K, committed 4864K, reserved 1048576K
}
Event: 6.533 GC heap after
{Heap after GC invocations=8 (full 0):
 garbage-first heap   total 66560K, used 25600K [0x0000000085200000, 0x0000000100000000)
  region size 1024K, 1 young (1024K), 1 survivors (1024K)
 Metaspace       used 35454K, committed 35968K, reserved 1114112K
  class space    used 4647K, committed 4864K, reserved 1048576K
}
Event: 8.052 GC heap before
{Heap before GC invocations=9 (full 0):
 garbage-first heap   total 66560K, used 56320K [0x0000000085200000, 0x0000000100000000)
  region size 1024K, 31 young (31744K), 1 survivors (1024K)
 Metaspace       used 40248K, committed 40832K, reserved 1114112K
  class space    used 5302K, committed 5568K, reserved 1048576K
}
Event: 8.056 GC heap after
{Heap after GC invocations=10 (full 0):
 garbage-first heap   total 66560K, used 27877K [0x0000000085200000, 0x0000000100000000)
  region size 1024K, 4 young (4096K), 4 survivors (4096K)
 Metaspace       used 40248K, committed 40832K, reserved 1114112K
  class space    used 5302K, committed 5568K, reserved 1048576K
}
Event: 9.047 GC heap before
{Heap before GC invocations=10 (full 0):
 garbage-first heap   total 66560K, used 55525K [0x0000000085200000, 0x0000000100000000)
  region size 1024K, 32 young (32768K), 4 survivors (4096K)
 Metaspace       used 48649K, committed 49280K, reserved 1114112K
  class space    used 6493K, committed 6784K, reserved 1048576K
}
Event: 9.052 GC heap after
{Heap after GC invocations=11 (full 0):
 garbage-first heap   total 66560K, used 29566K [0x0000000085200000, 0x0000000100000000)
  region size 1024K, 3 young (3072K), 3 survivors (3072K)
 Metaspace       used 48649K, committed 49280K, reserved 1114112K
  class space    used 6493K, committed 6784K, reserved 1048576K
}
Event: 9.930 GC heap before
{Heap before GC invocations=11 (full 0):
 garbage-first heap   total 66560K, used 57214K [0x0000000085200000, 0x0000000100000000)
  region size 1024K, 30 young (30720K), 3 survivors (3072K)
 Metaspace       used 54744K, committed 55296K, reserved 1114112K
  class space    used 7270K, committed 7552K, reserved 1048576K
}
Event: 9.934 GC heap after
{Heap after GC invocations=12 (full 0):
 garbage-first heap   total 66560K, used 32202K [0x0000000085200000, 0x0000000100000000)
  region size 1024K, 3 young (3072K), 3 survivors (3072K)
 Metaspace       used 54744K, committed 55296K, reserved 1114112K
  class space    used 7270K, committed 7552K, reserved 1048576K
}
Event: 10.383 GC heap before
{Heap before GC invocations=12 (full 0):
 garbage-first heap   total 66560K, used 46538K [0x0000000085200000, 0x0000000100000000)
  region size 1024K, 19 young (19456K), 3 survivors (3072K)
 Metaspace       used 59574K, committed 60160K, reserved 1114112K
  class space    used 7964K, committed 8192K, reserved 1048576K
}
Event: 10.386 GC heap after
{Heap after GC invocations=13 (full 0):
 garbage-first heap   total 66560K, used 32918K [0x0000000085200000, 0x0000000100000000)
  region size 1024K, 1 young (1024K), 1 survivors (1024K)
 Metaspace       used 59574K, committed 60160K, reserved 1114112K
  class space    used 7964K, committed 8192K, reserved 1048576K
}
Event: 11.042 GC heap before
{Heap before GC invocations=14 (full 0):
 garbage-first heap   total 66560K, used 58518K [0x0000000085200000, 0x0000000100000000)
  region size 1024K, 26 young (26624K), 1 survivors (1024K)
 Metaspace       used 61755K, committed 62400K, reserved 1114112K
  class space    used 8356K, committed 8640K, reserved 1048576K
}
Event: 11.044 GC heap after
{Heap after GC invocations=15 (full 0):
 garbage-first heap   total 66560K, used 33406K [0x0000000085200000, 0x0000000100000000)
  region size 1024K, 2 young (2048K), 2 survivors (2048K)
 Metaspace       used 61755K, committed 62400K, reserved 1114112K
  class space    used 8356K, committed 8640K, reserved 1048576K
}
Event: 11.762 GC heap before
{Heap before GC invocations=15 (full 0):
 garbage-first heap   total 66560K, used 57982K [0x0000000085200000, 0x0000000100000000)
  region size 1024K, 27 young (27648K), 2 survivors (2048K)
 Metaspace       used 67074K, committed 67776K, reserved 1114112K
  class space    used 9132K, committed 9408K, reserved 1048576K
}
Event: 11.765 GC heap after
{Heap after GC invocations=16 (full 0):
 garbage-first heap   total 66560K, used 34650K [0x0000000085200000, 0x0000000100000000)
  region size 1024K, 3 young (3072K), 3 survivors (3072K)
 Metaspace       used 67074K, committed 67776K, reserved 1114112K
  class space    used 9132K, committed 9408K, reserved 1048576K
}

