# JRE version: Java(TM) SE Runtime Environment (21.0.4+8) (build 21.0.4+8-LTS-274)
# Java VM: Java HotSpot(TM) 64-Bit Server VM (21.0.4+8-LTS-274, mixed mode, sharing, tiered, compressed oops, compressed class ptrs, g1 gc, windows-amd64)
GC Precious Log:
 CardTable entry size: 512
 Card Set container configuration: InlinePtr #cards 5 size 8 Array Of Cards #cards 12 size 40 Howl #buckets 4 coarsen threshold 1843 Howl Bitmap #cards 512 size 80 coarsen threshold 460 Card regions per heap region 1 cards per card region 2048
 CPUs: 16 total, 16 available
 Memory: 7860M
 Large Page Support: Disabled
 NUMA Support: Disabled
 Compressed Oops: Enabled (32-bit)
 Heap Region Size: 1M
 Heap Min Capacity: 8M
 Heap Initial Capacity: 124M
 Heap Max Capacity: 1966M
 Pre-touch: Disabled
 Parallel Workers: 13
 Concurrent Workers: 3
 Concurrent Refinement Workers: 13
 Periodic GC: Disabled
Heap:
 garbage-first heap   total 72704K, used 50769K [0x0000000085200000, 0x0000000100000000)
  region size 1024K, 17 young (17408K), 4 survivors (4096K)
 Metaspace       used 75544K, committed 76288K, reserved 1179648K
  class space    used 10563K, committed 10880K, reserved 1048576K
GC Heap History (20 events):
Event: 6.239 GC heap before
{Heap before GC invocations=5 (full 0):
 garbage-first heap   total 72704K, used 54364K [0x0000000085200000, 0x0000000100000000)
  region size 1024K, 42 young (43008K), 8 survivors (8192K)
 Metaspace       used 30098K, committed 30528K, reserved 1114112K
  class space    used 3895K, committed 4096K, reserved 1048576K
}
Event: 6.249 GC heap after
{Heap after GC invocations=6 (full 0):
 garbage-first heap   total 72704K, used 21946K [0x0000000085200000, 0x0000000100000000)
  region size 1024K, 3 young (3072K), 3 survivors (3072K)
 Metaspace       used 30098K, committed 30528K, reserved 1114112K
  class space    used 3895K, committed 4096K, reserved 1048576K
}
Event: 7.527 GC heap before
{Heap before GC invocations=6 (full 0):
 garbage-first heap   total 72704K, used 51642K [0x0000000085200000, 0x0000000100000000)
  region size 1024K, 33 young (33792K), 3 survivors (3072K)
 Metaspace       used 35497K, committed 35968K, reserved 1114112K
  class space    used 4647K, committed 4864K, reserved 1048576K
}
Event: 7.534 GC heap after
{Heap after GC invocations=7 (full 0):
 garbage-first heap   total 72704K, used 25177K [0x0000000085200000, 0x0000000100000000)
  region size 1024K, 5 young (5120K), 5 survivors (5120K)
 Metaspace       used 35497K, committed 35968K, reserved 1114112K
  class space    used 4647K, committed 4864K, reserved 1048576K
}
Event: 9.115 GC heap before
{Heap before GC invocations=8 (full 0):
 garbage-first heap   total 72704K, used 59993K [0x0000000085200000, 0x0000000100000000)
  region size 1024K, 39 young (39936K), 5 survivors (5120K)
 Metaspace       used 41485K, committed 42048K, reserved 1114112K
  class space    used 5473K, committed 5696K, reserved 1048576K
}
Event: 9.121 GC heap after
{Heap after GC invocations=9 (full 0):
 garbage-first heap   total 72704K, used 28530K [0x0000000085200000, 0x0000000100000000)
  region size 1024K, 4 young (4096K), 4 survivors (4096K)
 Metaspace       used 41485K, committed 42048K, reserved 1114112K
  class space    used 5473K, committed 5696K, reserved 1048576K
}
Event: 10.509 GC heap before
{Heap before GC invocations=9 (full 0):
 garbage-first heap   total 72704K, used 60274K [0x0000000085200000, 0x0000000100000000)
  region size 1024K, 35 young (35840K), 4 survivors (4096K)
 Metaspace       used 51151K, committed 51776K, reserved 1114112K
  class space    used 6820K, committed 7104K, reserved 1048576K
}
Event: 10.515 GC heap after
{Heap after GC invocations=10 (full 0):
 garbage-first heap   total 72704K, used 30963K [0x0000000085200000, 0x0000000100000000)
  region size 1024K, 3 young (3072K), 3 survivors (3072K)
 Metaspace       used 51151K, committed 51776K, reserved 1114112K
  class space    used 6820K, committed 7104K, reserved 1048576K
}
Event: 11.596 GC heap before
{Heap before GC invocations=10 (full 0):
 garbage-first heap   total 72704K, used 60659K [0x0000000085200000, 0x0000000100000000)
  region size 1024K, 33 young (33792K), 3 survivors (3072K)
 Metaspace       used 57833K, committed 58432K, reserved 1114112K
  class space    used 7707K, committed 8000K, reserved 1048576K
}
Event: 11.600 GC heap after
{Heap after GC invocations=11 (full 0):
 garbage-first heap   total 72704K, used 33383K [0x0000000085200000, 0x0000000100000000)
  region size 1024K, 3 young (3072K), 3 survivors (3072K)
 Metaspace       used 57833K, committed 58432K, reserved 1114112K
  class space    used 7707K, committed 8000K, reserved 1048576K
}
Event: 11.763 GC heap before
{Heap before GC invocations=11 (full 0):
 garbage-first heap   total 72704K, used 36455K [0x0000000085200000, 0x0000000100000000)
  region size 1024K, 7 young (7168K), 3 survivors (3072K)
 Metaspace       used 59600K, committed 60160K, reserved 1114112K
  class space    used 7935K, committed 8192K, reserved 1048576K
}
Event: 11.766 GC heap after
{Heap after GC invocations=12 (full 0):
 garbage-first heap   total 72704K, used 33798K [0x0000000085200000, 0x0000000100000000)
  region size 1024K, 1 young (1024K), 1 survivors (1024K)
 Metaspace       used 59600K, committed 60160K, reserved 1114112K
  class space    used 7935K, committed 8192K, reserved 1048576K
}
Event: 12.433 GC heap before
{Heap before GC invocations=13 (full 0):
 garbage-first heap   total 72704K, used 63494K [0x0000000085200000, 0x0000000100000000)
  region size 1024K, 30 young (30720K), 1 survivors (1024K)
 Metaspace       used 62214K, committed 62848K, reserved 1114112K
  class space    used 8407K, committed 8704K, reserved 1048576K
}
Event: 12.437 GC heap after
{Heap after GC invocations=14 (full 0):
 garbage-first heap   total 72704K, used 34218K [0x0000000085200000, 0x0000000100000000)
  region size 1024K, 1 young (1024K), 1 survivors (1024K)
 Metaspace       used 62214K, committed 62848K, reserved 1114112K
  class space    used 8407K, committed 8704K, reserved 1048576K
}
Event: 13.732 GC heap before
{Heap before GC invocations=14 (full 0):
 garbage-first heap   total 72704K, used 64938K [0x0000000085200000, 0x0000000100000000)
  region size 1024K, 31 young (31744K), 1 survivors (1024K)
 Metaspace       used 68295K, committed 68928K, reserved 1114112K
  class space    used 9247K, committed 9536K, reserved 1048576K
}
Event: 13.736 GC heap after
{Heap after GC invocations=15 (full 0):
 garbage-first heap   total 72704K, used 36252K [0x0000000085200000, 0x0000000100000000)
  region size 1024K, 4 young (4096K), 4 survivors (4096K)
 Metaspace       used 68295K, committed 68928K, reserved 1114112K
  class space    used 9247K, committed 9536K, reserved 1048576K
}
Event: 14.587 GC heap before
{Heap before GC invocations=15 (full 0):
 garbage-first heap   total 72704K, used 61852K [0x0000000085200000, 0x0000000100000000)
  region size 1024K, 29 young (29696K), 4 survivors (4096K)
 Metaspace       used 72852K, committed 73536K, reserved 1114112K
  class space    used 10018K, committed 10304K, reserved 1048576K
}
Event: 14.593 GC heap after
{Heap after GC invocations=16 (full 0):
 garbage-first heap   total 72704K, used 38460K [0x0000000085200000, 0x0000000100000000)
  region size 1024K, 3 young (3072K), 3 survivors (3072K)
 Metaspace       used 72852K, committed 73536K, reserved 1114112K
  class space    used 10018K, committed 10304K, reserved 1048576K
}
Event: 15.023 GC heap before
{Heap before GC invocations=17 (full 0):
 garbage-first heap   total 72704K, used 63036K [0x0000000085200000, 0x0000000100000000)
  region size 1024K, 27 young (27648K), 3 survivors (3072K)
 Metaspace       used 74463K, committed 75200K, reserved 1114112K
  class space    used 10389K, committed 10688K, reserved 1048576K
}
Event: 15.028 GC heap after
{Heap after GC invocations=18 (full 0):
 garbage-first heap   total 72704K, used 39505K [0x0000000085200000, 0x0000000100000000)
  region size 1024K, 4 young (4096K), 4 survivors (4096K)
 Metaspace       used 74463K, committed 75200K, reserved 1114112K
  class space    used 10389K, committed 10688K, reserved 1048576K
}

