# JRE version: Java(TM) SE Runtime Environment (21.0.4+8) (build 21.0.4+8-LTS-274)
# Java VM: Java HotSpot(TM) 64-Bit Server VM (21.0.4+8-LTS-274, mixed mode, sharing, tiered, compressed oops, compressed class ptrs, g1 gc, windows-amd64)
GC Precious Log:
 CardTable entry size: 512
 Card Set container configuration: InlinePtr #cards 5 size 8 Array Of Cards #cards 12 size 40 Howl #buckets 4 coarsen threshold 1843 Howl Bitmap #cards 512 size 80 coarsen threshold 460 Card regions per heap region 1 cards per card region 2048
 CPUs: 16 total, 16 available
 Memory: 7860M
 Large Page Support: Disabled
 NUMA Support: Disabled
 Compressed Oops: Enabled (32-bit)
 Heap Region Size: 1M
 Heap Min Capacity: 8M
 Heap Initial Capacity: 124M
 Heap Max Capacity: 1966M
 Pre-touch: Disabled
 Parallel Workers: 13
 Concurrent Workers: 3
 Concurrent Refinement Workers: 13
 Periodic GC: Disabled
Heap:
 garbage-first heap   total 69632K, used 40063K [0x0000000085200000, 0x0000000100000000)
  region size 1024K, 9 young (9216K), 4 survivors (4096K)
 Metaspace       used 68532K, committed 69184K, reserved 1114112K
  class space    used 9316K, committed 9600K, reserved 1048576K
GC Heap History (20 events):
Event: 4.348 GC heap before
{Heap before GC invocations=4 (full 0):
 garbage-first heap   total 58368K, used 57518K [0x0000000085200000, 0x0000000100000000)
  region size 1024K, 48 young (49152K), 7 survivors (7168K)
 Metaspace       used 24937K, committed 25344K, reserved 1114112K
  class space    used 3098K, committed 3264K, reserved 1048576K
}
Event: 4.358 GC heap after
{Heap after GC invocations=5 (full 0):
 garbage-first heap   total 69632K, used 19214K [0x0000000085200000, 0x0000000100000000)
  region size 1024K, 8 young (8192K), 8 survivors (8192K)
 Metaspace       used 24937K, committed 25344K, reserved 1114112K
  class space    used 3098K, committed 3264K, reserved 1048576K
}
Event: 5.709 GC heap before
{Heap before GC invocations=5 (full 0):
 garbage-first heap   total 69632K, used 51982K [0x0000000085200000, 0x0000000100000000)
  region size 1024K, 40 young (40960K), 8 survivors (8192K)
 Metaspace       used 29662K, committed 30080K, reserved 1114112K
  class space    used 3828K, committed 4032K, reserved 1048576K
}
Event: 5.718 GC heap after
{Heap after GC invocations=6 (full 0):
 garbage-first heap   total 69632K, used 21961K [0x0000000085200000, 0x0000000100000000)
  region size 1024K, 3 young (3072K), 3 survivors (3072K)
 Metaspace       used 29662K, committed 30080K, reserved 1114112K
  class space    used 3828K, committed 4032K, reserved 1048576K
}
Event: 7.143 GC heap before
{Heap before GC invocations=6 (full 0):
 garbage-first heap   total 69632K, used 55753K [0x0000000085200000, 0x0000000100000000)
  region size 1024K, 36 young (36864K), 3 survivors (3072K)
 Metaspace       used 34941K, committed 35456K, reserved 1114112K
  class space    used 4603K, committed 4864K, reserved 1048576K
}
Event: 7.149 GC heap after
{Heap after GC invocations=7 (full 0):
 garbage-first heap   total 69632K, used 24975K [0x0000000085200000, 0x0000000100000000)
  region size 1024K, 5 young (5120K), 5 survivors (5120K)
 Metaspace       used 34941K, committed 35456K, reserved 1114112K
  class space    used 4603K, committed 4864K, reserved 1048576K
}
Event: 7.226 GC heap before
{Heap before GC invocations=7 (full 0):
 garbage-first heap   total 69632K, used 27023K [0x0000000085200000, 0x0000000100000000)
  region size 1024K, 8 young (8192K), 5 survivors (5120K)
 Metaspace       used 35595K, committed 36096K, reserved 1114112K
  class space    used 4657K, committed 4928K, reserved 1048576K
}
Event: 7.232 GC heap after
{Heap after GC invocations=8 (full 0):
 garbage-first heap   total 69632K, used 26199K [0x0000000085200000, 0x0000000100000000)
  region size 1024K, 1 young (1024K), 1 survivors (1024K)
 Metaspace       used 35595K, committed 36096K, reserved 1114112K
  class space    used 4657K, committed 4928K, reserved 1048576K
}
Event: 8.376 GC heap before
{Heap before GC invocations=9 (full 0):
 garbage-first heap   total 69632K, used 56919K [0x0000000085200000, 0x0000000100000000)
  region size 1024K, 31 young (31744K), 1 survivors (1024K)
 Metaspace       used 40396K, committed 40960K, reserved 1114112K
  class space    used 5324K, committed 5568K, reserved 1048576K
}
Event: 8.381 GC heap after
{Heap after GC invocations=10 (full 0):
 garbage-first heap   total 69632K, used 28247K [0x0000000085200000, 0x0000000100000000)
  region size 1024K, 3 young (3072K), 3 survivors (3072K)
 Metaspace       used 40396K, committed 40960K, reserved 1114112K
  class space    used 5324K, committed 5568K, reserved 1048576K
}
Event: 9.632 GC heap before
{Heap before GC invocations=10 (full 0):
 garbage-first heap   total 69632K, used 57943K [0x0000000085200000, 0x0000000100000000)
  region size 1024K, 33 young (33792K), 3 survivors (3072K)
 Metaspace       used 49425K, committed 50048K, reserved 1114112K
  class space    used 6592K, committed 6848K, reserved 1048576K
}
Event: 9.638 GC heap after
{Heap after GC invocations=11 (full 0):
 garbage-first heap   total 69632K, used 30145K [0x0000000085200000, 0x0000000100000000)
  region size 1024K, 5 young (5120K), 5 survivors (5120K)
 Metaspace       used 49425K, committed 50048K, reserved 1114112K
  class space    used 6592K, committed 6848K, reserved 1048576K
}
Event: 10.487 GC heap before
{Heap before GC invocations=11 (full 0):
 garbage-first heap   total 69632K, used 59841K [0x0000000085200000, 0x0000000100000000)
  region size 1024K, 34 young (34816K), 5 survivors (5120K)
 Metaspace       used 55291K, committed 55872K, reserved 1114112K
  class space    used 7301K, committed 7552K, reserved 1048576K
}
Event: 10.492 GC heap after
{Heap after GC invocations=12 (full 0):
 garbage-first heap   total 69632K, used 32832K [0x0000000085200000, 0x0000000100000000)
  region size 1024K, 5 young (5120K), 5 survivors (5120K)
 Metaspace       used 55291K, committed 55872K, reserved 1114112K
  class space    used 7301K, committed 7552K, reserved 1048576K
}
Event: 10.851 GC heap before
{Heap before GC invocations=12 (full 0):
 garbage-first heap   total 69632K, used 44096K [0x0000000085200000, 0x0000000100000000)
  region size 1024K, 17 young (17408K), 5 survivors (5120K)
 Metaspace       used 59802K, committed 60416K, reserved 1114112K
  class space    used 8029K, committed 8256K, reserved 1048576K
}
Event: 10.856 GC heap after
{Heap after GC invocations=13 (full 0):
 garbage-first heap   total 69632K, used 33796K [0x0000000085200000, 0x0000000100000000)
  region size 1024K, 2 young (2048K), 2 survivors (2048K)
 Metaspace       used 59802K, committed 60416K, reserved 1114112K
  class space    used 8029K, committed 8256K, reserved 1048576K
}
Event: 11.488 GC heap before
{Heap before GC invocations=14 (full 0):
 garbage-first heap   total 69632K, used 61444K [0x0000000085200000, 0x0000000100000000)
  region size 1024K, 29 young (29696K), 2 survivors (2048K)
 Metaspace       used 61810K, committed 62464K, reserved 1114112K
  class space    used 8354K, committed 8640K, reserved 1048576K
}
Event: 11.491 GC heap after
{Heap after GC invocations=15 (full 0):
 garbage-first heap   total 69632K, used 33918K [0x0000000085200000, 0x0000000100000000)
  region size 1024K, 2 young (2048K), 2 survivors (2048K)
 Metaspace       used 61810K, committed 62464K, reserved 1114112K
  class space    used 8354K, committed 8640K, reserved 1048576K
}
Event: 12.454 GC heap before
{Heap before GC invocations=15 (full 0):
 garbage-first heap   total 69632K, used 62590K [0x0000000085200000, 0x0000000100000000)
  region size 1024K, 30 young (30720K), 2 survivors (2048K)
 Metaspace       used 67693K, committed 68352K, reserved 1114112K
  class space    used 9172K, committed 9472K, reserved 1048576K
}
Event: 12.458 GC heap after
{Heap after GC invocations=16 (full 0):
 garbage-first heap   total 69632K, used 35967K [0x0000000085200000, 0x0000000100000000)
  region size 1024K, 4 young (4096K), 4 survivors (4096K)
 Metaspace       used 67693K, committed 68352K, reserved 1114112K
  class space    used 9172K, committed 9472K, reserved 1048576K
}

