<?xml version="1.0" encoding="UTF-8"?>
<testsuite xmlns:xsi="http://www.w3.org/2001/XMLSchema-instance" xsi:noNamespaceSchemaLocation="https://maven.apache.org/surefire/maven-surefire-plugin/xsd/surefire-test-report.xsd" version="3.0.2" name="com.ieltsgrading.ielts_evaluator.ReadingTestRepositoryTest" time="0.636" tests="1" errors="0" skipped="0" failures="0">
  <properties>
[...]
</properties>
  <testcase name="shouldFindTestRecordsInDatabase" classname="com.ieltsgrading.ielts_evaluator.ReadingTestRepositoryTest" time="0.119">
    <system-out><![CDATA[2025-11-17T18:06:18.666+07:00  INFO 24312 --- [           main] t.c.s.AnnotationConfigContextLoaderUtils : Could not detect default configuration classes for test class [com.ieltsgrading.ielts_evaluator.ReadingTestRepositoryTest]: ReadingTestRepositoryTest does not declare any static, non-private, non-final, nested classes annotated with @Configuration.
2025-11-17T18:06:18.681+07:00  INFO 24312 --- [           main] .b.t.c.SpringBootTestContextBootstrapper : Found @SpringBootConfiguration com.ieltsgrading.ielts_evaluator.EoEoIeltsGradingAppApplication for test class com.ieltsgrading.ielts_evaluator.ReadingTestRepositoryTest
2025-11-17T18:06:18.685+07:00  INFO 24312 --- [           main] o.s.b.d.r.RestartApplicationListener     : Restart disabled due to context in which it is running

  .   ____          _            __ _ _
 /\\ / ___'_ __ _ _(_)_ __  __ _ \ \ \ \
( ( )\___ | '_ | '_| | '_ \/ _` | \ \ \ \
 \\/  ___)| |_)| | | | | || (_| |  ) ) ) )
  '  |____| .__|_| |_|_| |_\__, | / / / /
 =========|_|==============|___/=/_/_/_/

 :: Spring Boot ::                (v3.5.7)

2025-11-17T18:06:18.706+07:00  INFO 24312 --- [           main] c.i.i.ReadingTestRepositoryTest          : Starting ReadingTestRepositoryTest using Java 21.0.4 with PID 24312 (started by yenkh in D:\ATI\ATI)
2025-11-17T18:06:18.706+07:00 DEBUG 24312 --- [           main] c.i.i.ReadingTestRepositoryTest          : Running with Spring Boot v3.5.7, Spring v6.2.12
2025-11-17T18:06:18.706+07:00  INFO 24312 --- [           main] c.i.i.ReadingTestRepositoryTest          : No active profile set, falling back to 1 default profile: "default"
2025-11-17T18:06:18.782+07:00  INFO 24312 --- [           main] .s.d.r.c.RepositoryConfigurationDelegate : Bootstrapping Spring Data JPA repositories in DEFAULT mode.
2025-11-17T18:06:18.823+07:00  INFO 24312 --- [           main] .s.d.r.c.RepositoryConfigurationDelegate : Finished Spring Data repository scanning in 40 ms. Found 9 JPA repository interfaces.
2025-11-17T18:06:18.885+07:00  INFO 24312 --- [           main] o.hibernate.jpa.internal.util.LogHelper  : HHH000204: Processing PersistenceUnitInfo [name: default]
2025-11-17T18:06:18.889+07:00  INFO 24312 --- [           main] o.h.c.internal.RegionFactoryInitiator    : HHH000026: Second-level cache disabled
2025-11-17T18:06:18.900+07:00  INFO 24312 --- [           main] o.s.o.j.p.SpringPersistenceUnitInfo      : No LoadTimeWeaver setup: ignoring JPA class transformer
2025-11-17T18:06:18.901+07:00  INFO 24312 --- [           main] com.zaxxer.hikari.HikariDataSource       : HikariPool-2 - Starting...
2025-11-17T18:06:18.910+07:00  INFO 24312 --- [           main] com.zaxxer.hikari.pool.HikariPool        : HikariPool-2 - Added connection com.mysql.cj.jdbc.ConnectionImpl@6c520c71
2025-11-17T18:06:18.911+07:00  INFO 24312 --- [           main] com.zaxxer.hikari.HikariDataSource       : HikariPool-2 - Start completed.
2025-11-17T18:06:18.912+07:00  WARN 24312 --- [           main] org.hibernate.orm.deprecation            : HHH90000025: MySQLDialect does not need to be specified explicitly using 'hibernate.dialect' (remove the property setting and it will be selected by default)
2025-11-17T18:06:18.913+07:00  INFO 24312 --- [           main] org.hibernate.orm.connections.pooling    : HHH10001005: Database info:
	Database JDBC URL [Connecting through datasource 'HikariDataSource (HikariPool-2)']
	Database driver: undefined/unknown
	Database version: 8.0.43
	Autocommit mode: undefined/unknown
	Isolation level: undefined/unknown
	Minimum pool size: undefined/unknown
	Maximum pool size: undefined/unknown
2025-11-17T18:06:19.015+07:00  INFO 24312 --- [           main] o.h.e.t.j.p.i.JtaPlatformInitiator       : HHH000489: No JTA platform available (set 'hibernate.transaction.jta.platform' to enable JTA platform integration)
2025-11-17T18:06:19.080+07:00  INFO 24312 --- [           main] j.LocalContainerEntityManagerFactoryBean : Initialized JPA EntityManagerFactory for persistence unit 'default'
2025-11-17T18:06:19.178+07:00  INFO 24312 --- [           main] c.i.i.ReadingTestRepositoryTest          : Started ReadingTestRepositoryTest in 0.493 seconds (process running for 9.134)
Hibernate: 
    select
        rt1_0.test_id,
        rt1_0.test_level,
        rt1_0.test_name 
    from
        reading_test rt1_0
--- START OF DEBUG OUTPUT ---
Total tests found: 3
Status: SUCCESS! ID: 1, Name: Sample IELTS Reading Test 1 (P1-3)
Status: SUCCESS! ID: 2, Name: Sample IELTS Reading Test 2 (P1-3)
Status: SUCCESS! ID: 3, Name: Sample IELTS Reading Test 3 (P1-3)
--- END OF DEBUG OUTPUT ---
]]></system-out>
  </testcase>
</testsuite>